<?xml version="1.0" encoding="UTF-8"?>
<testng-results ignored="0" total="1" passed="1" failed="0" skipped="0">
  <reporter-output>
  </reporter-output>
  <suite started-at="2021-12-20T09:19:52Z" name="Default suite" finished-at="2021-12-20T09:20:02Z" duration-ms="9856">
    <groups>
    </groups>
    <test started-at="2021-12-20T09:19:52Z" name="Default test" finished-at="2021-12-20T09:20:02Z" duration-ms="9856">
      <class name="com.amazon.Google">
        <test-method is-config="true" signature="beforeClass()[pri:0, instance:com.amazon.Google@7b4c50bc]" started-at="2021-12-20T09:19:52Z" name="beforeClass" finished-at="2021-12-20T09:19:57Z" duration-ms="4613" status="PASS">
          <reporter-output>
          </reporter-output>
        </test-method> <!-- beforeClass -->
        <test-method signature="TestClass()[pri:0, instance:com.amazon.Google@7b4c50bc]" started-at="2021-12-20T09:19:57Z" name="TestClass" finished-at="2021-12-20T09:20:02Z" duration-ms="5218" status="PASS">
          <reporter-output>
          </reporter-output>
        </test-method> <!-- TestClass -->
        <test-method is-config="true" signature="afterClas()[pri:0, instance:com.amazon.Google@7b4c50bc]" started-at="2021-12-20T09:20:02Z" name="afterClas" finished-at="2021-12-20T09:20:02Z" duration-ms="1" status="PASS">
          <reporter-output>
          </reporter-output>
        </test-method> <!-- afterClas -->
      </class> <!-- com.amazon.Google -->
    </test> <!-- Default test -->
  </suite> <!-- Default suite -->
</testng-results>
